<?xml version="1.0" encoding="UTF-8"?>
<testng-results ignored="0" total="1" passed="1" failed="0" skipped="0">
  <reporter-output>
  </reporter-output>
  <suite started-at="2025-01-14T21:55:50 IST" name="Default suite" finished-at="2025-01-14T21:56:02 IST" duration-ms="11467">
    <groups>
    </groups>
    <test started-at="2025-01-14T21:55:50 IST" name="Default test" finished-at="2025-01-14T21:56:02 IST" duration-ms="11467">
      <class name="makemyTrip">
        <test-method is-config="true" signature="setup()[pri:0, instance:makemyTrip@4f80542f]" started-at="2025-01-14T21:55:50 IST" name="setup" finished-at="2025-01-14T21:55:53 IST" duration-ms="2474" status="PASS">
          <reporter-output>
          </reporter-output>
        </test-method> <!-- setup -->
        <test-method signature="test_actions()[pri:0, instance:makemyTrip@4f80542f]" started-at="2025-01-14T21:55:53 IST" name="test_actions" finished-at="2025-01-14T21:56:02 IST" duration-ms="8950" status="PASS">
          <reporter-output>
          </reporter-output>
        </test-method> <!-- test_actions -->
      </class> <!-- makemyTrip -->
    </test> <!-- Default test -->
  </suite> <!-- Default suite -->
</testng-results>
